09:58:20.955 [Worker-20] INFO  o.a.AndroidAnnotationProcessor:85 - Initialize AndroidAnnotations 3.0.1 with options {phase=BUILD}
09:58:21.873 [Worker-20] INFO  o.a.AndroidAnnotationProcessor:85 - Initialize AndroidAnnotations 3.0.1 with options {phase=BUILD}
09:59:53.7 [Worker-12] INFO  o.a.AndroidAnnotationProcessor:85 - Initialize AndroidAnnotations 3.0.1 with options {phase=BUILD}
09:59:53.8 [Worker-12] INFO  o.a.AndroidAnnotationProcessor:109 - Start processing for 1 annotations on 1 elements
09:59:53.24 [Worker-12] DEBUG o.a.h.AndroidManifestFinder:137 - AndroidManifest.xml file found in parent folder F:\git\CulturePlatform: F:\git\CulturePlatform\AndroidManifest.xml
09:59:53.688 [Worker-12] INFO  o.a.AndroidAnnotationProcessor:172 - AndroidManifest.xml found: AndroidManifest [applicationPackage=com.example.cultureplatform, componentQualifiedNames=[com.example.cultureplatform.StartActivity, com.example.cultureplatform.MainActivity, com.example.cultureplatform.LoginActivity, com.example.cultureplatform.UserActivity, com.example.cultureplatform.SearchActivity, com.example.cultureplatform.DetailActivity, com.example.cultureplatform.RatingActivity, com.example.cultureplatform.CommentActivity, com.example.cultureplatform.AddActActivity, com.example.cultureplatform.CommentsActivity, com.example.cultureplatform.GalleryActivity], permissionQualifiedNames=[android.permission.INTERNET, android.permission.RUN_INSTRUMENTATION, android.permission.WRITE_EXTERNAL_STORAGE], applicationClassName=com.example.cultureplatform.ApplicationHelper, libraryProject=false, debugabble=false, minSdkVersion=11, maxSdkVersion=-1, targetSdkVersion=17]
09:59:53.693 [Worker-12] INFO  o.a.r.ProjectRClassFinder:50 - Found project R class: com.example.cultureplatform.R
09:59:53.719 [Worker-12] INFO  o.a.r.AndroidRClassFinder:44 - Found Android class: android.R
09:59:53.745 [Worker-12] INFO  o.a.p.ModelValidator:42 - Validating elements
09:59:53.746 [Worker-12] DEBUG o.a.p.ModelValidator:62 - Validating with EActivityHandler: [com.example.cultureplatform.StartActivity]
09:59:53.749 [Worker-12] ERROR o.a.h.AnnotationHelper:110 - The AndroidManifest.xml file contains the original component, and not the AndroidAnnotations generated component. Please register StartActivity_ instead of StartActivity
09:59:53.749 [Worker-12] WARN  o.a.p.ModelValidator:69 - Element EActivityHandler unvalidated by 
09:59:53.756 [Worker-12] INFO  o.a.p.ModelProcessor:73 - Processing root elements
09:59:53.756 [Worker-12] INFO  o.a.p.ModelProcessor:104 - Processing enclosed elements
09:59:53.757 [Worker-12] INFO  o.a.AndroidAnnotationProcessor:251 - Number of files generated by AndroidAnnotations: 0
09:59:53.759 [Worker-12] INFO  o.a.g.ApiCodeGenerator:52 - Writting following API classes in project: []
09:59:53.764 [Worker-12] INFO  o.a.p.TimeStats:81 - Time measurements: [Whole Processing = 756 ms], [Extract Manifest = 665 ms], [Find R Classes = 37 ms], [Extract Annotations = 13 ms], [Process Annotations = 8 ms], [Generate Sources = 7 ms], [Validate Annotations = 4 ms], 
09:59:53.764 [Worker-12] INFO  o.a.AndroidAnnotationProcessor:123 - Finish processing
10:00:13.176 [Worker-5] INFO  o.a.AndroidAnnotationProcessor:85 - Initialize AndroidAnnotations 3.0.1 with options {phase=BUILD}
10:01:23.416 [Worker-20] INFO  o.a.AndroidAnnotationProcessor:85 - Initialize AndroidAnnotations 3.0.1 with options {phase=BUILD}
10:01:33.503 [Worker-14] INFO  o.a.AndroidAnnotationProcessor:85 - Initialize AndroidAnnotations 3.0.1 with options {phase=BUILD}
10:01:33.504 [Worker-14] INFO  o.a.AndroidAnnotationProcessor:109 - Start processing for 1 annotations on 2 elements
10:01:33.511 [Worker-14] DEBUG o.a.h.AndroidManifestFinder:137 - AndroidManifest.xml file found in parent folder F:\git\CulturePlatform: F:\git\CulturePlatform\AndroidManifest.xml
10:01:33.516 [Worker-14] INFO  o.a.AndroidAnnotationProcessor:172 - AndroidManifest.xml found: AndroidManifest [applicationPackage=com.example.cultureplatform, componentQualifiedNames=[com.example.cultureplatform.MainActivity, com.example.cultureplatform.LoginActivity, com.example.cultureplatform.UserActivity, com.example.cultureplatform.SearchActivity, com.example.cultureplatform.DetailActivity, com.example.cultureplatform.RatingActivity, com.example.cultureplatform.CommentActivity, com.example.cultureplatform.AddActActivity, com.example.cultureplatform.CommentsActivity, com.example.cultureplatform.GalleryActivity], permissionQualifiedNames=[android.permission.INTERNET, android.permission.RUN_INSTRUMENTATION, android.permission.WRITE_EXTERNAL_STORAGE], applicationClassName=com.example.cultureplatform.ApplicationHelper, libraryProject=false, debugabble=false, minSdkVersion=11, maxSdkVersion=-1, targetSdkVersion=17]
10:01:33.517 [Worker-14] INFO  o.a.r.ProjectRClassFinder:50 - Found project R class: com.example.cultureplatform.R
10:01:33.523 [Worker-14] INFO  o.a.r.AndroidRClassFinder:44 - Found Android class: android.R
10:01:33.527 [Worker-14] INFO  o.a.p.ModelValidator:42 - Validating elements
10:01:33.528 [Worker-14] DEBUG o.a.p.ModelValidator:62 - Validating with EActivityHandler: [com.example.cultureplatform.StartActivity]
10:01:33.529 [Worker-14] WARN  o.a.h.AnnotationHelper:110 - The component StartActivity_ is not registered in the AndroidManifest.xml file.
10:01:33.529 [Worker-14] INFO  o.a.p.ModelProcessor:73 - Processing root elements
10:01:33.530 [Worker-14] DEBUG o.a.p.ModelProcessor:80 - Processing root elements EActivityHandler: [com.example.cultureplatform.StartActivity]
10:01:33.549 [Worker-14] INFO  o.a.p.ModelProcessor:104 - Processing enclosed elements
10:01:33.550 [Worker-14] INFO  o.a.AndroidAnnotationProcessor:251 - Number of files generated by AndroidAnnotations: 1
10:01:33.551 [Worker-14] INFO  o.a.g.ApiCodeGenerator:52 - Writting following API classes in project: []
10:01:33.551 [Worker-14] DEBUG o.a.g.SourceCodewriter:55 - Generating class: com.example.cultureplatform.StartActivity_
10:01:33.572 [Worker-14] INFO  o.a.p.TimeStats:81 - Time measurements: [Whole Processing = 68 ms], [Generate Sources = 22 ms], [Process Annotations = 21 ms], [Find R Classes = 10 ms], [Extract Annotations = 6 ms], [Extract Manifest = 5 ms], [Validate Annotations = 2 ms], 
10:01:33.572 [Worker-14] INFO  o.a.AndroidAnnotationProcessor:123 - Finish processing
10:01:41.795 [Worker-0] INFO  o.a.AndroidAnnotationProcessor:85 - Initialize AndroidAnnotations 3.0.1 with options {phase=BUILD}
10:02:20.489 [Worker-13] INFO  o.a.AndroidAnnotationProcessor:85 - Initialize AndroidAnnotations 3.0.1 with options {phase=BUILD}
10:17:59.428 [Worker-22] INFO  o.a.AndroidAnnotationProcessor:85 - Initialize AndroidAnnotations 3.0.1 with options {phase=BUILD}
10:17:59.431 [Worker-22] INFO  o.a.AndroidAnnotationProcessor:109 - Start processing for 1 annotations on 1 elements
10:17:59.451 [Worker-22] DEBUG o.a.h.AndroidManifestFinder:137 - AndroidManifest.xml file found in parent folder F:\git\CulturePlatform: F:\git\CulturePlatform\AndroidManifest.xml
10:17:59.457 [Worker-22] INFO  o.a.AndroidAnnotationProcessor:172 - AndroidManifest.xml found: AndroidManifest [applicationPackage=com.example.cultureplatform, componentQualifiedNames=[com.example.cultureplatform.StartActivity_, com.example.cultureplatform.MainActivity, com.example.cultureplatform.LoginActivity, com.example.cultureplatform.UserActivity, com.example.cultureplatform.SearchActivity, com.example.cultureplatform.DetailActivity, com.example.cultureplatform.RatingActivity, com.example.cultureplatform.CommentActivity, com.example.cultureplatform.AddActActivity, com.example.cultureplatform.CommentsActivity, com.example.cultureplatform.GalleryActivity], permissionQualifiedNames=[android.permission.INTERNET, android.permission.RUN_INSTRUMENTATION, android.permission.WRITE_EXTERNAL_STORAGE], applicationClassName=com.example.cultureplatform.ApplicationHelper, libraryProject=false, debugabble=false, minSdkVersion=11, maxSdkVersion=-1, targetSdkVersion=17]
10:17:59.458 [Worker-22] INFO  o.a.r.ProjectRClassFinder:50 - Found project R class: com.example.cultureplatform.R
10:17:59.461 [Worker-22] INFO  o.a.r.AndroidRClassFinder:44 - Found Android class: android.R
10:17:59.467 [Worker-22] INFO  o.a.p.ModelValidator:42 - Validating elements
10:17:59.468 [Worker-22] DEBUG o.a.p.ModelValidator:62 - Validating with EActivityHandler: [com.example.cultureplatform.StartActivity]
10:17:59.469 [Worker-22] INFO  o.a.p.ModelProcessor:73 - Processing root elements
10:17:59.470 [Worker-22] DEBUG o.a.p.ModelProcessor:80 - Processing root elements EActivityHandler: [com.example.cultureplatform.StartActivity]
10:17:59.473 [Worker-22] INFO  o.a.p.ModelProcessor:104 - Processing enclosed elements
10:17:59.474 [Worker-22] INFO  o.a.AndroidAnnotationProcessor:251 - Number of files generated by AndroidAnnotations: 1
10:17:59.475 [Worker-22] INFO  o.a.g.ApiCodeGenerator:52 - Writting following API classes in project: []
10:17:59.475 [Worker-22] DEBUG o.a.g.SourceCodewriter:55 - Generating class: com.example.cultureplatform.StartActivity_
10:17:59.507 [Worker-22] INFO  o.a.p.TimeStats:81 - Time measurements: [Whole Processing = 76 ms], [Generate Sources = 33 ms], [Extract Annotations = 19 ms], [Find R Classes = 9 ms], [Extract Manifest = 6 ms], [Process Annotations = 5 ms], [Validate Annotations = 2 ms], 
10:17:59.507 [Worker-22] INFO  o.a.AndroidAnnotationProcessor:123 - Finish processing
10:52:25.829 [Worker-1] INFO  o.a.AndroidAnnotationProcessor:85 - Initialize AndroidAnnotations 3.0.1 with options {phase=BUILD}
10:54:07.899 [Worker-6] INFO  o.a.AndroidAnnotationProcessor:85 - Initialize AndroidAnnotations 3.0.1 with options {phase=BUILD}
10:57:43.456 [Worker-3] INFO  o.a.AndroidAnnotationProcessor:85 - Initialize AndroidAnnotations 3.0.1 with options {phase=BUILD}
10:57:43.719 [Worker-3] INFO  o.a.AndroidAnnotationProcessor:109 - Start processing for 1 annotations on 17 elements
10:57:43.745 [Worker-3] DEBUG o.a.h.AndroidManifestFinder:137 - AndroidManifest.xml file found in parent folder F:\git\CulturePlatform: F:\git\CulturePlatform\AndroidManifest.xml
10:57:43.765 [Worker-3] INFO  o.a.AndroidAnnotationProcessor:172 - AndroidManifest.xml found: AndroidManifest [applicationPackage=com.example.cultureplatform, componentQualifiedNames=[com.example.cultureplatform.StartActivity_, com.example.cultureplatform.MainActivity, com.example.cultureplatform.LoginActivity, com.example.cultureplatform.UserActivity, com.example.cultureplatform.SearchActivity, com.example.cultureplatform.DetailActivity, com.example.cultureplatform.RatingActivity, com.example.cultureplatform.CommentActivity, com.example.cultureplatform.AddActActivity, com.example.cultureplatform.CommentsActivity, com.example.cultureplatform.GalleryActivity], permissionQualifiedNames=[android.permission.INTERNET, android.permission.RUN_INSTRUMENTATION, android.permission.WRITE_EXTERNAL_STORAGE], applicationClassName=com.example.cultureplatform.ApplicationHelper, libraryProject=false, debugabble=false, minSdkVersion=11, maxSdkVersion=-1, targetSdkVersion=17]
10:57:43.766 [Worker-3] INFO  o.a.r.ProjectRClassFinder:50 - Found project R class: com.example.cultureplatform.R
10:57:43.789 [Worker-3] INFO  o.a.r.AndroidRClassFinder:44 - Found Android class: android.R
10:57:43.834 [Worker-3] INFO  o.a.p.ModelValidator:42 - Validating elements
10:57:43.835 [Worker-3] DEBUG o.a.p.ModelValidator:62 - Validating with EActivityHandler: [com.example.cultureplatform.StartActivity]
10:57:43.846 [Worker-3] INFO  o.a.p.ModelProcessor:73 - Processing root elements
10:57:43.847 [Worker-3] DEBUG o.a.p.ModelProcessor:80 - Processing root elements EActivityHandler: [com.example.cultureplatform.StartActivity]
10:57:43.869 [Worker-3] INFO  o.a.p.ModelProcessor:104 - Processing enclosed elements
10:57:43.870 [Worker-3] INFO  o.a.AndroidAnnotationProcessor:251 - Number of files generated by AndroidAnnotations: 1
10:57:43.872 [Worker-3] INFO  o.a.g.ApiCodeGenerator:52 - Writting following API classes in project: []
10:57:43.894 [Worker-3] DEBUG o.a.g.SourceCodewriter:55 - Generating class: com.example.cultureplatform.StartActivity_
10:57:43.905 [Worker-3] INFO  o.a.p.TimeStats:81 - Time measurements: [Whole Processing = 186 ms], [Generate Sources = 35 ms], [Process Annotations = 31 ms], [Find R Classes = 30 ms], [Extract Annotations = 24 ms], [Extract Manifest = 21 ms], [Validate Annotations = 5 ms], 
10:57:43.905 [Worker-3] INFO  o.a.AndroidAnnotationProcessor:123 - Finish processing
10:57:50.460 [Worker-0] INFO  o.a.AndroidAnnotationProcessor:85 - Initialize AndroidAnnotations 3.0.1 with options {phase=BUILD}
10:57:50.460 [Worker-0] INFO  o.a.AndroidAnnotationProcessor:109 - Start processing for 1 annotations on 2 elements
10:57:50.466 [Worker-0] DEBUG o.a.h.AndroidManifestFinder:137 - AndroidManifest.xml file found in parent folder F:\git\CulturePlatform: F:\git\CulturePlatform\AndroidManifest.xml
10:57:50.470 [Worker-0] INFO  o.a.AndroidAnnotationProcessor:172 - AndroidManifest.xml found: AndroidManifest [applicationPackage=com.example.cultureplatform, componentQualifiedNames=[com.example.cultureplatform.StartActivity_, com.example.cultureplatform.MainActivity, com.example.cultureplatform.LoginActivity, com.example.cultureplatform.UserActivity, com.example.cultureplatform.SearchActivity, com.example.cultureplatform.DetailActivity, com.example.cultureplatform.RatingActivity, com.example.cultureplatform.CommentActivity, com.example.cultureplatform.AddActActivity, com.example.cultureplatform.CommentsActivity, com.example.cultureplatform.GalleryActivity], permissionQualifiedNames=[android.permission.INTERNET, android.permission.RUN_INSTRUMENTATION, android.permission.WRITE_EXTERNAL_STORAGE], applicationClassName=com.example.cultureplatform.ApplicationHelper, libraryProject=false, debugabble=false, minSdkVersion=11, maxSdkVersion=-1, targetSdkVersion=17]
10:57:50.470 [Worker-0] INFO  o.a.r.ProjectRClassFinder:50 - Found project R class: com.example.cultureplatform.R
10:57:50.472 [Worker-0] INFO  o.a.r.AndroidRClassFinder:44 - Found Android class: android.R
10:57:50.477 [Worker-0] INFO  o.a.p.ModelValidator:42 - Validating elements
10:57:50.478 [Worker-0] DEBUG o.a.p.ModelValidator:62 - Validating with EActivityHandler: [com.example.cultureplatform.StartActivity]
10:57:50.479 [Worker-0] INFO  o.a.p.ModelProcessor:73 - Processing root elements
10:57:50.480 [Worker-0] DEBUG o.a.p.ModelProcessor:80 - Processing root elements EActivityHandler: [com.example.cultureplatform.StartActivity]
10:57:50.482 [Worker-0] INFO  o.a.p.ModelProcessor:104 - Processing enclosed elements
10:57:50.483 [Worker-0] INFO  o.a.AndroidAnnotationProcessor:251 - Number of files generated by AndroidAnnotations: 1
10:57:50.483 [Worker-0] INFO  o.a.g.ApiCodeGenerator:52 - Writting following API classes in project: []
10:57:50.484 [Worker-0] DEBUG o.a.g.SourceCodewriter:55 - Generating class: com.example.cultureplatform.StartActivity_
10:57:50.487 [Worker-0] INFO  o.a.p.TimeStats:81 - Time measurements: [Whole Processing = 27 ms], [Find R Classes = 7 ms], [Extract Annotations = 5 ms], [Extract Manifest = 4 ms], [Process Annotations = 4 ms], [Generate Sources = 4 ms], [Validate Annotations = 2 ms], 
10:57:50.488 [Worker-0] INFO  o.a.AndroidAnnotationProcessor:123 - Finish processing
10:59:43.478 [Worker-9] INFO  o.a.AndroidAnnotationProcessor:85 - Initialize AndroidAnnotations 3.0.1 with options {phase=BUILD}
10:59:43.530 [Worker-9] INFO  o.a.AndroidAnnotationProcessor:109 - Start processing for 1 annotations on 16 elements
10:59:43.547 [Worker-9] DEBUG o.a.h.AndroidManifestFinder:137 - AndroidManifest.xml file found in parent folder F:\git\CulturePlatform: F:\git\CulturePlatform\AndroidManifest.xml
10:59:43.551 [Worker-9] INFO  o.a.AndroidAnnotationProcessor:172 - AndroidManifest.xml found: AndroidManifest [applicationPackage=com.example.cultureplatform, componentQualifiedNames=[com.example.cultureplatform.StartActivity_, com.example.cultureplatform.MainActivity, com.example.cultureplatform.LoginActivity, com.example.cultureplatform.UserActivity, com.example.cultureplatform.SearchActivity, com.example.cultureplatform.DetailActivity, com.example.cultureplatform.RatingActivity, com.example.cultureplatform.CommentActivity, com.example.cultureplatform.AddActActivity, com.example.cultureplatform.CommentsActivity, com.example.cultureplatform.GalleryActivity], permissionQualifiedNames=[android.permission.INTERNET, android.permission.RUN_INSTRUMENTATION, android.permission.WRITE_EXTERNAL_STORAGE], applicationClassName=com.example.cultureplatform.ApplicationHelper, libraryProject=false, debugabble=false, minSdkVersion=11, maxSdkVersion=-1, targetSdkVersion=17]
10:59:43.552 [Worker-9] INFO  o.a.r.ProjectRClassFinder:50 - Found project R class: com.example.cultureplatform.R
10:59:43.554 [Worker-9] INFO  o.a.r.AndroidRClassFinder:44 - Found Android class: android.R
10:59:43.558 [Worker-9] INFO  o.a.p.ModelValidator:42 - Validating elements
10:59:43.558 [Worker-9] DEBUG o.a.p.ModelValidator:62 - Validating with EActivityHandler: [com.example.cultureplatform.StartActivity]
10:59:43.559 [Worker-9] INFO  o.a.p.ModelProcessor:73 - Processing root elements
10:59:43.559 [Worker-9] DEBUG o.a.p.ModelProcessor:80 - Processing root elements EActivityHandler: [com.example.cultureplatform.StartActivity]
10:59:43.562 [Worker-9] INFO  o.a.p.ModelProcessor:104 - Processing enclosed elements
10:59:43.563 [Worker-9] INFO  o.a.AndroidAnnotationProcessor:251 - Number of files generated by AndroidAnnotations: 1
10:59:43.563 [Worker-9] INFO  o.a.g.ApiCodeGenerator:52 - Writting following API classes in project: []
10:59:43.564 [Worker-9] DEBUG o.a.g.SourceCodewriter:55 - Generating class: com.example.cultureplatform.StartActivity_
10:59:43.565 [Worker-9] INFO  o.a.p.TimeStats:81 - Time measurements: [Whole Processing = 35 ms], [Extract Annotations = 16 ms], [Find R Classes = 6 ms], [Extract Manifest = 4 ms], [Process Annotations = 4 ms], [Generate Sources = 2 ms], [Validate Annotations = 1 ms], 
10:59:43.566 [Worker-9] INFO  o.a.AndroidAnnotationProcessor:123 - Finish processing
10:59:52.984 [Worker-5] INFO  o.a.AndroidAnnotationProcessor:85 - Initialize AndroidAnnotations 3.0.1 with options {phase=BUILD}
11:00:18.532 [Worker-10] INFO  o.a.AndroidAnnotationProcessor:85 - Initialize AndroidAnnotations 3.0.1 with options {phase=BUILD}
11:00:18.533 [Worker-10] INFO  o.a.AndroidAnnotationProcessor:109 - Start processing for 1 annotations on 2 elements
11:00:18.538 [Worker-10] DEBUG o.a.h.AndroidManifestFinder:137 - AndroidManifest.xml file found in parent folder F:\git\CulturePlatform: F:\git\CulturePlatform\AndroidManifest.xml
11:00:18.541 [Worker-10] INFO  o.a.AndroidAnnotationProcessor:172 - AndroidManifest.xml found: AndroidManifest [applicationPackage=com.example.cultureplatform, componentQualifiedNames=[com.example.cultureplatform.StartActivity_, com.example.cultureplatform.MainActivity, com.example.cultureplatform.LoginActivity, com.example.cultureplatform.UserActivity, com.example.cultureplatform.SearchActivity, com.example.cultureplatform.DetailActivity, com.example.cultureplatform.RatingActivity, com.example.cultureplatform.CommentActivity, com.example.cultureplatform.AddActActivity, com.example.cultureplatform.CommentsActivity, com.example.cultureplatform.GalleryActivity], permissionQualifiedNames=[android.permission.INTERNET, android.permission.RUN_INSTRUMENTATION, android.permission.WRITE_EXTERNAL_STORAGE], applicationClassName=com.example.cultureplatform.ApplicationHelper, libraryProject=false, debugabble=false, minSdkVersion=11, maxSdkVersion=-1, targetSdkVersion=17]
11:00:18.542 [Worker-10] INFO  o.a.r.ProjectRClassFinder:50 - Found project R class: com.example.cultureplatform.R
11:00:18.543 [Worker-10] INFO  o.a.r.AndroidRClassFinder:44 - Found Android class: android.R
11:00:18.546 [Worker-10] INFO  o.a.p.ModelValidator:42 - Validating elements
11:00:18.547 [Worker-10] DEBUG o.a.p.ModelValidator:62 - Validating with EActivityHandler: [com.example.cultureplatform.StartActivity]
11:00:18.548 [Worker-10] INFO  o.a.p.ModelProcessor:73 - Processing root elements
11:00:18.548 [Worker-10] DEBUG o.a.p.ModelProcessor:80 - Processing root elements EActivityHandler: [com.example.cultureplatform.StartActivity]
11:00:18.549 [Worker-10] INFO  o.a.p.ModelProcessor:104 - Processing enclosed elements
11:00:18.550 [Worker-10] INFO  o.a.AndroidAnnotationProcessor:251 - Number of files generated by AndroidAnnotations: 1
11:00:18.550 [Worker-10] INFO  o.a.g.ApiCodeGenerator:52 - Writting following API classes in project: []
11:00:18.550 [Worker-10] DEBUG o.a.g.SourceCodewriter:55 - Generating class: com.example.cultureplatform.StartActivity_
11:00:18.554 [Worker-10] INFO  o.a.p.TimeStats:81 - Time measurements: [Whole Processing = 21 ms], [Extract Annotations = 5 ms], [Find R Classes = 4 ms], [Generate Sources = 4 ms], [Extract Manifest = 3 ms], [Validate Annotations = 2 ms], [Process Annotations = 2 ms], 
11:00:18.555 [Worker-10] INFO  o.a.AndroidAnnotationProcessor:123 - Finish processing
11:00:38.57 [Worker-9] INFO  o.a.AndroidAnnotationProcessor:85 - Initialize AndroidAnnotations 3.0.1 with options {phase=BUILD}
11:00:38.96 [Worker-9] INFO  o.a.AndroidAnnotationProcessor:109 - Start processing for 1 annotations on 16 elements
11:00:38.105 [Worker-9] DEBUG o.a.h.AndroidManifestFinder:137 - AndroidManifest.xml file found in parent folder F:\git\CulturePlatform: F:\git\CulturePlatform\AndroidManifest.xml
11:00:38.108 [Worker-9] INFO  o.a.AndroidAnnotationProcessor:172 - AndroidManifest.xml found: AndroidManifest [applicationPackage=com.example.cultureplatform, componentQualifiedNames=[com.example.cultureplatform.StartActivity_, com.example.cultureplatform.MainActivity, com.example.cultureplatform.LoginActivity, com.example.cultureplatform.UserActivity, com.example.cultureplatform.SearchActivity, com.example.cultureplatform.DetailActivity, com.example.cultureplatform.RatingActivity, com.example.cultureplatform.CommentActivity, com.example.cultureplatform.AddActActivity, com.example.cultureplatform.CommentsActivity, com.example.cultureplatform.GalleryActivity], permissionQualifiedNames=[android.permission.INTERNET, android.permission.RUN_INSTRUMENTATION, android.permission.WRITE_EXTERNAL_STORAGE], applicationClassName=com.example.cultureplatform.ApplicationHelper, libraryProject=false, debugabble=false, minSdkVersion=11, maxSdkVersion=-1, targetSdkVersion=17]
11:00:38.108 [Worker-9] INFO  o.a.r.ProjectRClassFinder:50 - Found project R class: com.example.cultureplatform.R
11:00:38.110 [Worker-9] INFO  o.a.r.AndroidRClassFinder:44 - Found Android class: android.R
11:00:38.113 [Worker-9] INFO  o.a.p.ModelValidator:42 - Validating elements
11:00:38.114 [Worker-9] DEBUG o.a.p.ModelValidator:62 - Validating with EActivityHandler: [com.example.cultureplatform.StartActivity]
11:00:38.114 [Worker-9] INFO  o.a.p.ModelProcessor:73 - Processing root elements
11:00:38.115 [Worker-9] DEBUG o.a.p.ModelProcessor:80 - Processing root elements EActivityHandler: [com.example.cultureplatform.StartActivity]
11:00:38.116 [Worker-9] INFO  o.a.p.ModelProcessor:104 - Processing enclosed elements
11:00:38.116 [Worker-9] INFO  o.a.AndroidAnnotationProcessor:251 - Number of files generated by AndroidAnnotations: 1
11:00:38.117 [Worker-9] INFO  o.a.g.ApiCodeGenerator:52 - Writting following API classes in project: []
11:00:38.117 [Worker-9] DEBUG o.a.g.SourceCodewriter:55 - Generating class: com.example.cultureplatform.StartActivity_
11:00:38.119 [Worker-9] INFO  o.a.p.TimeStats:81 - Time measurements: [Whole Processing = 23 ms], [Extract Annotations = 9 ms], [Find R Classes = 5 ms], [Extract Manifest = 3 ms], [Generate Sources = 3 ms], [Process Annotations = 2 ms], [Validate Annotations = 1 ms], 
11:00:38.119 [Worker-9] INFO  o.a.AndroidAnnotationProcessor:123 - Finish processing
11:00:55.648 [Worker-4] INFO  o.a.AndroidAnnotationProcessor:85 - Initialize AndroidAnnotations 3.0.1 with options {phase=BUILD}
11:00:55.686 [Worker-4] INFO  o.a.AndroidAnnotationProcessor:109 - Start processing for 1 annotations on 16 elements
11:00:55.695 [Worker-4] DEBUG o.a.h.AndroidManifestFinder:137 - AndroidManifest.xml file found in parent folder F:\git\CulturePlatform: F:\git\CulturePlatform\AndroidManifest.xml
11:00:55.698 [Worker-4] INFO  o.a.AndroidAnnotationProcessor:172 - AndroidManifest.xml found: AndroidManifest [applicationPackage=com.example.cultureplatform, componentQualifiedNames=[com.example.cultureplatform.StartActivity_, com.example.cultureplatform.MainActivity, com.example.cultureplatform.LoginActivity, com.example.cultureplatform.UserActivity, com.example.cultureplatform.SearchActivity, com.example.cultureplatform.DetailActivity, com.example.cultureplatform.RatingActivity, com.example.cultureplatform.CommentActivity, com.example.cultureplatform.AddActActivity, com.example.cultureplatform.CommentsActivity, com.example.cultureplatform.GalleryActivity], permissionQualifiedNames=[android.permission.INTERNET, android.permission.RUN_INSTRUMENTATION, android.permission.WRITE_EXTERNAL_STORAGE], applicationClassName=com.example.cultureplatform.ApplicationHelper, libraryProject=false, debugabble=false, minSdkVersion=11, maxSdkVersion=-1, targetSdkVersion=17]
11:00:55.702 [Worker-4] INFO  o.a.r.ProjectRClassFinder:50 - Found project R class: com.example.cultureplatform.R
11:00:55.704 [Worker-4] INFO  o.a.r.AndroidRClassFinder:44 - Found Android class: android.R
11:00:55.710 [Worker-4] INFO  o.a.p.ModelValidator:42 - Validating elements
11:00:55.711 [Worker-4] DEBUG o.a.p.ModelValidator:62 - Validating with EActivityHandler: [com.example.cultureplatform.StartActivity]
11:00:55.712 [Worker-4] INFO  o.a.p.ModelProcessor:73 - Processing root elements
11:00:55.713 [Worker-4] DEBUG o.a.p.ModelProcessor:80 - Processing root elements EActivityHandler: [com.example.cultureplatform.StartActivity]
11:00:55.715 [Worker-4] INFO  o.a.p.ModelProcessor:104 - Processing enclosed elements
11:00:55.716 [Worker-4] INFO  o.a.AndroidAnnotationProcessor:251 - Number of files generated by AndroidAnnotations: 1
11:00:55.716 [Worker-4] INFO  o.a.g.ApiCodeGenerator:52 - Writting following API classes in project: []
11:00:55.717 [Worker-4] DEBUG o.a.g.SourceCodewriter:55 - Generating class: com.example.cultureplatform.StartActivity_
11:00:55.719 [Worker-4] INFO  o.a.p.TimeStats:81 - Time measurements: [Whole Processing = 33 ms], [Extract Annotations = 8 ms], [Find R Classes = 8 ms], [Process Annotations = 4 ms], [Extract Manifest = 3 ms], [Generate Sources = 3 ms], [Validate Annotations = 2 ms], 
11:00:55.720 [Worker-4] INFO  o.a.AndroidAnnotationProcessor:123 - Finish processing
11:02:12.75 [Worker-11] INFO  o.a.AndroidAnnotationProcessor:85 - Initialize AndroidAnnotations 3.0.1 with options {phase=BUILD}
11:02:12.76 [Worker-11] INFO  o.a.AndroidAnnotationProcessor:109 - Start processing for 1 annotations on 5 elements
11:02:12.81 [Worker-11] DEBUG o.a.h.AndroidManifestFinder:137 - AndroidManifest.xml file found in parent folder F:\git\CulturePlatform: F:\git\CulturePlatform\AndroidManifest.xml
11:02:12.84 [Worker-11] INFO  o.a.AndroidAnnotationProcessor:172 - AndroidManifest.xml found: AndroidManifest [applicationPackage=com.example.cultureplatform, componentQualifiedNames=[com.example.cultureplatform.StartActivity_, com.example.cultureplatform.MainActivity, com.example.cultureplatform.LoginActivity, com.example.cultureplatform.UserActivity, com.example.cultureplatform.SearchActivity, com.example.cultureplatform.DetailActivity, com.example.cultureplatform.RatingActivity, com.example.cultureplatform.CommentActivity, com.example.cultureplatform.AddActActivity, com.example.cultureplatform.CommentsActivity, com.example.cultureplatform.GalleryActivity], permissionQualifiedNames=[android.permission.INTERNET, android.permission.RUN_INSTRUMENTATION, android.permission.WRITE_EXTERNAL_STORAGE], applicationClassName=com.example.cultureplatform.ApplicationHelper, libraryProject=false, debugabble=false, minSdkVersion=11, maxSdkVersion=-1, targetSdkVersion=17]
11:02:12.84 [Worker-11] INFO  o.a.r.ProjectRClassFinder:50 - Found project R class: com.example.cultureplatform.R
11:02:12.91 [Worker-11] INFO  o.a.r.AndroidRClassFinder:44 - Found Android class: android.R
11:02:12.94 [Worker-11] INFO  o.a.p.ModelValidator:42 - Validating elements
11:02:12.114 [Worker-11] DEBUG o.a.p.ModelValidator:62 - Validating with EActivityHandler: [com.example.cultureplatform.StartActivity]
11:02:12.115 [Worker-11] INFO  o.a.p.ModelProcessor:73 - Processing root elements
11:02:12.115 [Worker-11] DEBUG o.a.p.ModelProcessor:80 - Processing root elements EActivityHandler: [com.example.cultureplatform.StartActivity]
11:02:12.117 [Worker-11] INFO  o.a.p.ModelProcessor:104 - Processing enclosed elements
11:02:12.118 [Worker-11] INFO  o.a.AndroidAnnotationProcessor:251 - Number of files generated by AndroidAnnotations: 1
11:02:12.119 [Worker-11] INFO  o.a.g.ApiCodeGenerator:52 - Writting following API classes in project: []
11:02:12.119 [Worker-11] DEBUG o.a.g.SourceCodewriter:55 - Generating class: com.example.cultureplatform.StartActivity_
11:02:12.122 [Worker-11] INFO  o.a.p.TimeStats:81 - Time measurements: [Whole Processing = 47 ms], [Validate Annotations = 21 ms], [Find R Classes = 10 ms], [Extract Annotations = 5 ms], [Generate Sources = 4 ms], [Extract Manifest = 3 ms], [Process Annotations = 3 ms], 
11:02:12.122 [Worker-11] INFO  o.a.AndroidAnnotationProcessor:123 - Finish processing
11:02:22.499 [Worker-8] INFO  o.a.AndroidAnnotationProcessor:85 - Initialize AndroidAnnotations 3.0.1 with options {phase=BUILD}
11:03:56.873 [Worker-9] INFO  o.a.AndroidAnnotationProcessor:85 - Initialize AndroidAnnotations 3.0.1 with options {phase=BUILD}
11:03:56.874 [Worker-9] INFO  o.a.AndroidAnnotationProcessor:109 - Start processing for 1 annotations on 31 elements
11:03:56.885 [Worker-9] DEBUG o.a.h.AndroidManifestFinder:137 - AndroidManifest.xml file found in parent folder F:\git\CulturePlatform: F:\git\CulturePlatform\AndroidManifest.xml
11:03:56.886 [Worker-9] WARN  o.a.h.AndroidManifestFinder:252 - A class activity declared in the AndroidManifest.xml cannot be found in the compile path: [StartActivity_]
11:03:56.887 [Worker-9] INFO  o.a.AndroidAnnotationProcessor:172 - AndroidManifest.xml found: AndroidManifest [applicationPackage=com.example.cultureplatform, componentQualifiedNames=[net.templefox.cultureplatform.MainActivity, net.templefox.cultureplatform.LoginActivity, net.templefox.cultureplatform.UserActivity, net.templefox.cultureplatform.SearchActivity, net.templefox.cultureplatform.DetailActivity, net.templefox.cultureplatform.RatingActivity, net.templefox.cultureplatform.CommentActivity, net.templefox.cultureplatform.AddActActivity, net.templefox.cultureplatform.CommentsActivity, net.templefox.cultureplatform.GalleryActivity], permissionQualifiedNames=[android.permission.INTERNET, android.permission.RUN_INSTRUMENTATION, android.permission.WRITE_EXTERNAL_STORAGE], applicationClassName=net.templefox.cultureplatform.ApplicationHelper, libraryProject=false, debugabble=false, minSdkVersion=11, maxSdkVersion=-1, targetSdkVersion=17]
11:03:56.887 [Worker-9] INFO  o.a.r.ProjectRClassFinder:50 - Found project R class: com.example.cultureplatform.R
11:03:56.888 [Worker-9] INFO  o.a.r.AndroidRClassFinder:44 - Found Android class: android.R
11:03:56.890 [Worker-9] INFO  o.a.p.ModelValidator:42 - Validating elements
11:03:56.891 [Worker-9] DEBUG o.a.p.ModelValidator:62 - Validating with EActivityHandler: [net.templefox.cultureplatform.StartActivity]
11:03:56.892 [Worker-9] WARN  o.a.h.AnnotationHelper:110 - The component StartActivity_ is not registered in the AndroidManifest.xml file.
11:03:56.892 [Worker-9] INFO  o.a.p.ModelProcessor:73 - Processing root elements
11:03:56.893 [Worker-9] DEBUG o.a.p.ModelProcessor:80 - Processing root elements EActivityHandler: [net.templefox.cultureplatform.StartActivity]
11:03:56.894 [Worker-9] INFO  o.a.p.ModelProcessor:104 - Processing enclosed elements
11:03:56.896 [Worker-9] INFO  o.a.AndroidAnnotationProcessor:251 - Number of files generated by AndroidAnnotations: 1
11:03:56.896 [Worker-9] INFO  o.a.g.ApiCodeGenerator:52 - Writting following API classes in project: []
11:03:56.896 [Worker-9] DEBUG o.a.g.SourceCodewriter:55 - Generating class: net.templefox.cultureplatform.StartActivity_
11:03:56.928 [Worker-9] INFO  o.a.p.TimeStats:81 - Time measurements: [Whole Processing = 54 ms], [Generate Sources = 32 ms], [Extract Annotations = 11 ms], [Process Annotations = 4 ms], [Find R Classes = 3 ms], [Extract Manifest = 2 ms], [Validate Annotations = 2 ms], 
11:03:56.928 [Worker-9] INFO  o.a.AndroidAnnotationProcessor:123 - Finish processing
11:04:26.958 [Worker-12] INFO  o.a.AndroidAnnotationProcessor:85 - Initialize AndroidAnnotations 3.0.1 with options {phase=BUILD}
11:04:26.959 [Worker-12] INFO  o.a.AndroidAnnotationProcessor:109 - Start processing for 1 annotations on 31 elements
11:04:27.65 [Worker-12] DEBUG o.a.h.AndroidManifestFinder:137 - AndroidManifest.xml file found in parent folder F:\git\CulturePlatform: F:\git\CulturePlatform\AndroidManifest.xml
11:04:27.67 [Worker-12] WARN  o.a.h.AndroidManifestFinder:252 - A class activity declared in the AndroidManifest.xml cannot be found in the compile path: [StartActivity_]
11:04:27.68 [Worker-12] INFO  o.a.AndroidAnnotationProcessor:172 - AndroidManifest.xml found: AndroidManifest [applicationPackage=com.example.cultureplatform, componentQualifiedNames=[net.templefox.cultureplatform.MainActivity, net.templefox.cultureplatform.LoginActivity, net.templefox.cultureplatform.UserActivity, net.templefox.cultureplatform.SearchActivity, net.templefox.cultureplatform.DetailActivity, net.templefox.cultureplatform.RatingActivity, net.templefox.cultureplatform.CommentActivity, net.templefox.cultureplatform.AddActActivity, net.templefox.cultureplatform.CommentsActivity, net.templefox.cultureplatform.GalleryActivity], permissionQualifiedNames=[android.permission.INTERNET, android.permission.RUN_INSTRUMENTATION, android.permission.WRITE_EXTERNAL_STORAGE], applicationClassName=net.templefox.cultureplatform.ApplicationHelper, libraryProject=false, debugabble=false, minSdkVersion=11, maxSdkVersion=-1, targetSdkVersion=17]
11:04:27.69 [Worker-12] INFO  o.a.r.ProjectRClassFinder:50 - Found project R class: com.example.cultureplatform.R
11:04:27.70 [Worker-12] INFO  o.a.r.AndroidRClassFinder:44 - Found Android class: android.R
11:04:27.73 [Worker-12] INFO  o.a.p.ModelValidator:42 - Validating elements
11:04:27.74 [Worker-12] DEBUG o.a.p.ModelValidator:62 - Validating with EActivityHandler: [net.templefox.cultureplatform.StartActivity]
11:04:27.75 [Worker-12] WARN  o.a.h.AnnotationHelper:110 - The component StartActivity_ is not registered in the AndroidManifest.xml file.
11:04:27.75 [Worker-12] INFO  o.a.p.ModelProcessor:73 - Processing root elements
11:04:27.76 [Worker-12] DEBUG o.a.p.ModelProcessor:80 - Processing root elements EActivityHandler: [net.templefox.cultureplatform.StartActivity]
11:04:27.78 [Worker-12] INFO  o.a.p.ModelProcessor:104 - Processing enclosed elements
11:04:27.79 [Worker-12] INFO  o.a.AndroidAnnotationProcessor:251 - Number of files generated by AndroidAnnotations: 1
11:04:27.80 [Worker-12] INFO  o.a.g.ApiCodeGenerator:52 - Writting following API classes in project: []
11:04:27.80 [Worker-12] DEBUG o.a.g.SourceCodewriter:55 - Generating class: net.templefox.cultureplatform.StartActivity_
11:04:27.83 [Worker-12] INFO  o.a.p.TimeStats:81 - Time measurements: [Whole Processing = 123 ms], [Extract Annotations = 106 ms], [Find R Classes = 4 ms], [Process Annotations = 4 ms], [Extract Manifest = 3 ms], [Generate Sources = 3 ms], [Validate Annotations = 2 ms], 
11:04:27.83 [Worker-12] INFO  o.a.AndroidAnnotationProcessor:123 - Finish processing
11:04:59.694 [Worker-0] INFO  o.a.AndroidAnnotationProcessor:85 - Initialize AndroidAnnotations 3.0.1 with options {phase=BUILD}
11:05:13.770 [Worker-5] INFO  o.a.AndroidAnnotationProcessor:85 - Initialize AndroidAnnotations 3.0.1 with options {phase=BUILD}
11:05:13.770 [Worker-5] INFO  o.a.AndroidAnnotationProcessor:109 - Start processing for 1 annotations on 36 elements
11:05:13.801 [Worker-5] DEBUG o.a.h.AndroidManifestFinder:137 - AndroidManifest.xml file found in parent folder F:\git\CulturePlatform: F:\git\CulturePlatform\AndroidManifest.xml
11:05:13.803 [Worker-5] WARN  o.a.h.AndroidManifestFinder:252 - A class activity declared in the AndroidManifest.xml cannot be found in the compile path: [StartActivity_]
11:05:13.804 [Worker-5] INFO  o.a.AndroidAnnotationProcessor:172 - AndroidManifest.xml found: AndroidManifest [applicationPackage=com.example.cultureplatform, componentQualifiedNames=[net.templefox.cultureplatform.MainActivity, net.templefox.cultureplatform.LoginActivity, net.templefox.cultureplatform.UserActivity, net.templefox.cultureplatform.SearchActivity, net.templefox.cultureplatform.DetailActivity, net.templefox.cultureplatform.RatingActivity, net.templefox.cultureplatform.CommentActivity, net.templefox.cultureplatform.AddActActivity, net.templefox.cultureplatform.CommentsActivity, net.templefox.cultureplatform.GalleryActivity], permissionQualifiedNames=[android.permission.INTERNET, android.permission.RUN_INSTRUMENTATION, android.permission.WRITE_EXTERNAL_STORAGE], applicationClassName=net.templefox.cultureplatform.ApplicationHelper, libraryProject=false, debugabble=false, minSdkVersion=11, maxSdkVersion=-1, targetSdkVersion=17]
11:05:13.804 [Worker-5] INFO  o.a.r.ProjectRClassFinder:50 - Found project R class: com.example.cultureplatform.R
11:05:13.808 [Worker-5] INFO  o.a.r.AndroidRClassFinder:44 - Found Android class: android.R
11:05:13.812 [Worker-5] INFO  o.a.p.ModelValidator:42 - Validating elements
11:05:13.813 [Worker-5] DEBUG o.a.p.ModelValidator:62 - Validating with EActivityHandler: [net.templefox.cultureplatform.StartActivity]
11:05:13.816 [Worker-5] WARN  o.a.h.AnnotationHelper:110 - The component StartActivity_ is not registered in the AndroidManifest.xml file.
11:05:13.816 [Worker-5] INFO  o.a.p.ModelProcessor:73 - Processing root elements
11:05:13.817 [Worker-5] DEBUG o.a.p.ModelProcessor:80 - Processing root elements EActivityHandler: [net.templefox.cultureplatform.StartActivity]
11:05:13.819 [Worker-5] INFO  o.a.p.ModelProcessor:104 - Processing enclosed elements
11:05:13.820 [Worker-5] INFO  o.a.AndroidAnnotationProcessor:251 - Number of files generated by AndroidAnnotations: 1
11:05:13.820 [Worker-5] INFO  o.a.g.ApiCodeGenerator:52 - Writting following API classes in project: []
11:05:13.821 [Worker-5] DEBUG o.a.g.SourceCodewriter:55 - Generating class: net.templefox.cultureplatform.StartActivity_
11:05:13.823 [Worker-5] INFO  o.a.p.TimeStats:81 - Time measurements: [Whole Processing = 53 ms], [Extract Annotations = 30 ms], [Find R Classes = 8 ms], [Validate Annotations = 4 ms], [Process Annotations = 4 ms], [Extract Manifest = 3 ms], [Generate Sources = 3 ms], 
11:05:13.824 [Worker-5] INFO  o.a.AndroidAnnotationProcessor:123 - Finish processing
11:05:23.534 [Worker-9] INFO  o.a.AndroidAnnotationProcessor:85 - Initialize AndroidAnnotations 3.0.1 with options {phase=BUILD}
11:05:31.651 [Worker-7] INFO  o.a.AndroidAnnotationProcessor:85 - Initialize AndroidAnnotations 3.0.1 with options {phase=BUILD}
11:05:31.672 [Worker-7] INFO  o.a.AndroidAnnotationProcessor:109 - Start processing for 1 annotations on 34 elements
11:05:31.681 [Worker-7] DEBUG o.a.h.AndroidManifestFinder:137 - AndroidManifest.xml file found in parent folder F:\git\CulturePlatform: F:\git\CulturePlatform\AndroidManifest.xml
11:05:31.682 [Worker-7] WARN  o.a.h.AndroidManifestFinder:252 - A class activity declared in the AndroidManifest.xml cannot be found in the compile path: [StartActivity_]
11:05:31.683 [Worker-7] INFO  o.a.AndroidAnnotationProcessor:172 - AndroidManifest.xml found: AndroidManifest [applicationPackage=com.example.cultureplatform, componentQualifiedNames=[net.templefox.cultureplatform.MainActivity, net.templefox.cultureplatform.LoginActivity, net.templefox.cultureplatform.UserActivity, net.templefox.cultureplatform.SearchActivity, net.templefox.cultureplatform.DetailActivity, net.templefox.cultureplatform.RatingActivity, net.templefox.cultureplatform.CommentActivity, net.templefox.cultureplatform.AddActActivity, net.templefox.cultureplatform.CommentsActivity, net.templefox.cultureplatform.GalleryActivity], permissionQualifiedNames=[android.permission.INTERNET, android.permission.RUN_INSTRUMENTATION, android.permission.WRITE_EXTERNAL_STORAGE], applicationClassName=net.templefox.cultureplatform.ApplicationHelper, libraryProject=false, debugabble=false, minSdkVersion=11, maxSdkVersion=-1, targetSdkVersion=17]
11:05:31.684 [Worker-7] INFO  o.a.r.ProjectRClassFinder:50 - Found project R class: com.example.cultureplatform.R
11:05:31.685 [Worker-7] INFO  o.a.r.AndroidRClassFinder:44 - Found Android class: android.R
11:05:31.688 [Worker-7] INFO  o.a.p.ModelValidator:42 - Validating elements
11:05:31.689 [Worker-7] DEBUG o.a.p.ModelValidator:62 - Validating with EActivityHandler: [net.templefox.cultureplatform.StartActivity]
11:05:31.690 [Worker-7] WARN  o.a.h.AnnotationHelper:110 - The component StartActivity_ is not registered in the AndroidManifest.xml file.
11:05:31.690 [Worker-7] INFO  o.a.p.ModelProcessor:73 - Processing root elements
11:05:31.691 [Worker-7] DEBUG o.a.p.ModelProcessor:80 - Processing root elements EActivityHandler: [net.templefox.cultureplatform.StartActivity]
11:05:31.694 [Worker-7] INFO  o.a.p.ModelProcessor:104 - Processing enclosed elements
11:05:31.695 [Worker-7] INFO  o.a.AndroidAnnotationProcessor:251 - Number of files generated by AndroidAnnotations: 1
11:05:31.695 [Worker-7] INFO  o.a.g.ApiCodeGenerator:52 - Writting following API classes in project: []
11:05:31.696 [Worker-7] DEBUG o.a.g.SourceCodewriter:55 - Generating class: net.templefox.cultureplatform.StartActivity_
11:05:31.698 [Worker-7] INFO  o.a.p.TimeStats:81 - Time measurements: [Whole Processing = 26 ms], [Extract Annotations = 7 ms], [Process Annotations = 5 ms], [Find R Classes = 4 ms], [Extract Manifest = 3 ms], [Generate Sources = 3 ms], [Validate Annotations = 2 ms], 
11:05:31.699 [Worker-7] INFO  o.a.AndroidAnnotationProcessor:123 - Finish processing
11:06:34.339 [Worker-9] INFO  o.a.AndroidAnnotationProcessor:85 - Initialize AndroidAnnotations 3.0.1 with options {phase=BUILD}
